<?xml version="1.0" encoding="UTF-8"?>
<testng-results skipped="0" failed="0" total="1" passed="1">
  <reporter-output>
    <line>
      <![CDATA[https://www.facebook.com]]>
    </line>
    <line>
      <![CDATA[20]]>
    </line>
  </reporter-output>
  <suite name="Suite" duration-ms="16091" started-at="2019-11-05T11:12:32Z" finished-at="2019-11-05T11:12:49Z">
    <groups>
    </groups>
    <test name="Test" duration-ms="16091" started-at="2019-11-05T11:12:32Z" finished-at="2019-11-05T11:12:49Z">
      <class name="script.fb_createAcc">
        <test-method status="PASS" signature="open()[pri:0, instance:script.fb_createAcc@33a10788]" name="open" is-config="true" duration-ms="8278" started-at="2019-11-05T16:42:32Z" finished-at="2019-11-05T16:42:41Z">
          <reporter-output>
            <line>
              <![CDATA[https://www.facebook.com]]>
            </line>
            <line>
              <![CDATA[20]]>
            </line>
          </reporter-output>
        </test-method> <!-- open -->
        <test-method status="PASS" signature="createAcc()[pri:0, instance:script.fb_createAcc@33a10788]" name="createAcc" duration-ms="3557" started-at="2019-11-05T16:42:41Z" finished-at="2019-11-05T16:42:44Z">
          <reporter-output>
          </reporter-output>
        </test-method> <!-- createAcc -->
        <test-method status="PASS" signature="close(org.testng.ITestResult)[pri:0, instance:script.fb_createAcc@33a10788]" name="close" is-config="true" duration-ms="4240" started-at="2019-11-05T16:42:44Z" finished-at="2019-11-05T16:42:49Z">
          <params>
            <param index="0">
              <value>
                <![CDATA[[TestResult name=createAcc status=SUCCESS method=fb_createAcc.createAcc()[pri:0, instance:script.fb_createAcc@33a10788] output={null}]]]>
              </value>
            </param>
          </params>
          <reporter-output>
          </reporter-output>
        </test-method> <!-- close -->
      </class> <!-- script.fb_createAcc -->
    </test> <!-- Test -->
  </suite> <!-- Suite -->
</testng-results>
